[2025-05-26 14:50:34] cardcom_wp_ajax_get_redirect called at 2025-05-26 14:50:34 :: POST: Array
(
    [action] => cardcom_get_redirect
    [nonce] => 2beb9be1ca
    [req] => Array
        (
            [DealType] => 6
            [Customer] => Array
                (
                    [FirstName] => 
                    [LastName] => 
                )

            [DisplayType] => iframe
            [PostProcessMethod] => 1
            [FormData] => pmpro_level=2&checkjavascript=1&pmpro_other_discount_code=&first_name=Aleks&last_name=Test&user_phone_number=0506665656&tos=1&pmpro_checkout_nonce=115345be82&_wp_http_referer=%2Fsubscription-payment%2F%3Flevel%3D2&submit-checkout=1&javascriptok=1
        )

)

[2025-05-26 14:55:49] cardcom_wp_ajax_get_redirect called at 2025-05-26 14:55:49 :: POST: Array
(
    [action] => cardcom_get_redirect
    [nonce] => 2beb9be1ca
    [req] => Array
        (
            [DealType] => 6
            [Customer] => Array
                (
                    [FirstName] => 
                    [LastName] => 
                )

            [DisplayType] => iframe
            [PostProcessMethod] => 1
            [FormData] => pmpro_level=2&checkjavascript=1&pmpro_other_discount_code=&first_name=Aleks&last_name=Test&user_phone_number=0506664455&tos=1&pmpro_checkout_nonce=115345be82&_wp_http_referer=%2Fsubscription-payment%2F%3Flevel%3D2&submit-checkout=1&javascriptok=1
        )

)

